======================================== 
VixenLens Build Pipeline Started 
Tue 04/07/2026 11:55:55.01 
======================================== 
[1/4] Cleaning previous build artifacts... 
[2/4] Validating Frontend Dependencies... 

up to date, audited 154 packages in 601ms

17 packages are looking for funding
  run `npm fund` for details

5 vulnerabilities (3 low, 2 moderate)

To address all issues (including breaking changes), run:
  npm audit fix --force

Run `npm audit` for details.
[3/4] Executing Tauri Production Build... 

> vixenlens@1.0.3 tauri
> tauri build

     Running beforeBuildCommand `npm run build`

> vixenlens@1.0.3 build
> vite build

[36mvite v6.4.2 [32mbuilding SSR bundle for production...[36m[39m
transforming...
[32m✓[39m 171 modules transformed.
rendering chunks...
[36mvite v6.4.2 [32mbuilding for production...[36m[39m
transforming...
[32m✓[39m 223 modules transformed.
rendering chunks...
computing gzip size...
[2m.svelte-kit/output/client/[22m[32m_app/version.json                          [39m[1m[2m 0.03 kB[22m[1m[22m[2m │ gzip:  0.05 kB[22m
[2m.svelte-kit/output/client/[22m[32m.vite/manifest.json                        [39m[1m[2m 7.43 kB[22m[1m[22m[2m │ gzip:  1.07 kB[22m
[2m.svelte-kit/output/client/[22m[35m_app/immutable/assets/3.DrceGotn.css       [39m[1m[2m 1.50 kB[22m[1m[22m[2m │ gzip:  0.59 kB[22m
[2m.svelte-kit/output/client/[22m[35m_app/immutable/assets/4.CukQzTfO.css       [39m[1m[2m 1.63 kB[22m[1m[22m[2m │ gzip:  0.51 kB[22m
[2m.svelte-kit/output/client/[22m[35m_app/immutable/assets/Layout.9QUbxzzv.css  [39m[1m[2m 2.80 kB[22m[1m[22m[2m │ gzip:  0.94 kB[22m
[2m.svelte-kit/output/client/[22m[35m_app/immutable/assets/2.CvnGSq6Q.css       [39m[1m[2m22.23 kB[22m[1m[22m[2m │ gzip:  4.25 kB[22m
[2m.svelte-kit/output/client/[22m[36m_app/immutable/entry/start.BkuJ7UVy.js     [39m[1m[2m 0.08 kB[22m[1m[22m[2m │ gzip:  0.09 kB[22m
[2m.svelte-kit/output/client/[22m[36m_app/immutable/chunks/Doai5xF3.js          [39m[1m[2m 0.08 kB[22m[1m[22m[2m │ gzip:  0.09 kB[22m
[2m.svelte-kit/output/client/[22m[36m_app/immutable/chunks/BqSr4-Uw.js          [39m[1m[2m 0.09 kB[22m[1m[22m[2m │ gzip:  0.09 kB[22m
[2m.svelte-kit/output/client/[22m[36m_app/immutable/chunks/NC5mjVcn.js          [39m[1m[2m 0.14 kB[22m[1m[22m[2m │ gzip:  0.13 kB[22m
[2m.svelte-kit/output/client/[22m[36m_app/immutable/chunks/CslJCA7J.js          [39m[1m[2m 0.18 kB[22m[1m[22m[2m │ gzip:  0.18 kB[22m
[2m.svelte-kit/output/client/[22m[36m_app/immutable/chunks/fSnsVc8A.js          [39m[1m[2m 0.20 kB[22m[1m[22m[2m │ gzip:  0.15 kB[22m
[2m.svelte-kit/output/client/[22m[36m_app/immutable/nodes/0.CY-gNAYb.js         [39m[1m[2m 0.47 kB[22m[1m[22m[2m │ gzip:  0.34 kB[22m
[2m.svelte-kit/output/client/[22m[36m_app/immutable/nodes/1.CSeXQm1u.js         [39m[1m[2m 0.54 kB[22m[1m[22m[2m │ gzip:  0.35 kB[22m
[2m.svelte-kit/output/client/[22m[36m_app/immutable/chunks/BG27F0gj.js          [39m[1m[2m 1.25 kB[22m[1m[22m[2m │ gzip:  0.61 kB[22m
[2m.svelte-kit/output/client/[22m[36m_app/immutable/chunks/BeMY_RW-.js          [39m[1m[2m 1.32 kB[22m[1m[22m[2m │ gzip:  0.73 kB[22m
[2m.svelte-kit/output/client/[22m[36m_app/immutable/chunks/C-5dfx6L.js          [39m[1m[2m 1.42 kB[22m[1m[22m[2m │ gzip:  0.79 kB[22m
[2m.svelte-kit/output/client/[22m[36m_app/immutable/chunks/BFt2W772.js          [39m[1m[2m 1.48 kB[22m[1m[22m[2m │ gzip:  0.80 kB[22m
[2m.svelte-kit/output/client/[22m[36m_app/immutable/chunks/E30buqIj.js          [39m[1m[2m 1.53 kB[22m[1m[22m[2m │ gzip:  0.83 kB[22m
[2m.svelte-kit/output/client/[22m[36m_app/immutable/chunks/CoSUssec.js          [39m[1m[2m 1.60 kB[22m[1m[22m[2m │ gzip:  0.60 kB[22m
[2m.svelte-kit/output/client/[22m[36m_app/immutable/chunks/slHxmQdU.js          [39m[1m[2m 1.91 kB[22m[1m[22m[2m │ gzip:  0.85 kB[22m
[2m.svelte-kit/output/client/[22m[36m_app/immutable/chunks/BEfQLGl6.js          [39m[1m[2m 2.04 kB[22m[1m[22m[2m │ gzip:  0.80 kB[22m
[2m.svelte-kit/output/client/[22m[36m_app/immutable/chunks/C32O-sy9.js          [39m[1m[2m 2.23 kB[22m[1m[22m[2m │ gzip:  0.98 kB[22m
[2m.svelte-kit/output/client/[22m[36m_app/immutable/chunks/B3NOIsum.js          [39m[1m[2m 2.36 kB[22m[1m[22m[2m │ gzip:  1.14 kB[22m
[2m.svelte-kit/output/client/[22m[36m_app/immutable/chunks/Db4toMI5.js          [39m[1m[2m 3.41 kB[22m[1m[22m[2m │ gzip:  1.76 kB[22m
[2m.svelte-kit/output/client/[22m[36m_app/immutable/nodes/3.B37lxbZ0.js         [39m[1m[2m 5.08 kB[22m[1m[22m[2m │ gzip:  2.24 kB[22m
[2m.svelte-kit/output/client/[22m[36m_app/immutable/entry/app.DewZLkFN.js       [39m[1m[2m 5.51 kB[22m[1m[22m[2m │ gzip:  2.43 kB[22m
[2m.svelte-kit/output/client/[22m[36m_app/immutable/nodes/4.BoUg2cZE.js         [39m[1m[2m 7.77 kB[22m[1m[22m[2m │ gzip:  2.58 kB[22m
[2m.svelte-kit/output/client/[22m[36m_app/immutable/chunks/CiqJAf8Z.js          [39m[1m[2m 7.96 kB[22m[1m[22m[2m │ gzip:  3.40 kB[22m
[2m.svelte-kit/output/client/[22m[36m_app/immutable/chunks/XNyohT1m.js          [39m[1m[2m26.70 kB[22m[1m[22m[2m │ gzip: 10.37 kB[22m
[2m.svelte-kit/output/client/[22m[36m_app/immutable/chunks/a_mHQ0wx.js          [39m[1m[2m28.04 kB[22m[1m[22m[2m │ gzip: 10.81 kB[22m
[2m.svelte-kit/output/client/[22m[36m_app/immutable/chunks/j7DuPzpO.js          [39m[1m[2m68.22 kB[22m[1m[22m[2m │ gzip: 22.48 kB[22m
[2m.svelte-kit/output/client/[22m[36m_app/immutable/nodes/2.NONPWErR.js         [39m[1m[2m69.48 kB[22m[1m[22m[2m │ gzip: 21.24 kB[22m
[32m✓ built in 1.07s[39m
[2m.svelte-kit/output/server/[22m[32m.vite/manifest.json                        [39m[1m[2m  4.57 kB[22m[1m[22m
[2m.svelte-kit/output/server/[22m[35m_app/immutable/assets/_page.C7w4Ua0T.css   [39m[1m[2m  1.47 kB[22m[1m[22m
[2m.svelte-kit/output/server/[22m[35m_app/immutable/assets/_page.CukQzTfO.css   [39m[1m[2m  1.63 kB[22m[1m[22m
[2m.svelte-kit/output/server/[22m[35m_app/immutable/assets/Layout.CyuescDw.css  [39m[1m[2m  2.78 kB[22m[1m[22m
[2m.svelte-kit/output/server/[22m[35m_app/immutable/assets/_page.CvnGSq6Q.css   [39m[1m[2m 22.23 kB[22m[1m[22m
[2m.svelte-kit/output/server/[22m[36mentries/pages/_layout.ts.js                [39m[1m[2m  0.07 kB[22m[1m[22m
[2m.svelte-kit/output/server/[22m[36mentries/fallbacks/layout.svelte.js         [39m[1m[2m  0.17 kB[22m[1m[22m
[2m.svelte-kit/output/server/[22m[36minternal.js                                [39m[1m[2m  0.35 kB[22m[1m[22m
[2m.svelte-kit/output/server/[22m[36mchunks/state.svelte.js                     [39m[1m[2m  0.43 kB[22m[1m[22m
[2m.svelte-kit/output/server/[22m[36mchunks/environment.js                      [39m[1m[2m  0.62 kB[22m[1m[22m
[2m.svelte-kit/output/server/[22m[36mentries/pages/about/_page.svelte.js        [39m[1m[2m  0.85 kB[22m[1m[22m
[2m.svelte-kit/output/server/[22m[36mentries/fallbacks/error.svelte.js          [39m[1m[2m  1.06 kB[22m[1m[22m
[2m.svelte-kit/output/server/[22m[36mchunks/utils.js                            [39m[1m[2m  1.15 kB[22m[1m[22m
[2m.svelte-kit/output/server/[22m[36mentries/pages/settings/_page.svelte.js     [39m[1m[2m  1.22 kB[22m[1m[22m
[2m.svelte-kit/output/server/[22m[36mchunks/render-context.js                   [39m[1m[2m  1.73 kB[22m[1m[22m
[2m.svelte-kit/output/server/[22m[36mchunks/en.js                               [39m[1m[2m  2.22 kB[22m[1m[22m
[2m.svelte-kit/output/server/[22m[36mchunks/ja.js                               [39m[1m[2m  2.66 kB[22m[1m[22m
[2m.svelte-kit/output/server/[22m[36mchunks/internal.js                         [39m[1m[2m  3.60 kB[22m[1m[22m
[2m.svelte-kit/output/server/[22m[36mentries/pages/_page.svelte.js              [39m[1m[2m  6.57 kB[22m[1m[22m
[2m.svelte-kit/output/server/[22m[36mchunks/exports.js                          [39m[1m[2m  8.18 kB[22m[1m[22m
[2m.svelte-kit/output/server/[22m[36mchunks/Layout.js                           [39m[1m[2m 23.11 kB[22m[1m[22m
[2m.svelte-kit/output/server/[22m[36mremote-entry.js                            [39m[1m[2m 24.27 kB[22m[1m[22m
[2m.svelte-kit/output/server/[22m[36mchunks/shared.js                           [39m[1m[2m 33.48 kB[22m[1m[22m
[2m.svelte-kit/output/server/[22m[36mchunks/root.js                             [39m[1m[2m118.30 kB[22m[1m[22m
[2m.svelte-kit/output/server/[22m[36mindex.js                                   [39m[1m[2m127.20 kB[22m[1m[22m
[32m✓ built in 3.26s[39m

Run npm run preview to preview your production build locally.

> Using @sveltejs/adapter-static
  Wrote site to "build"
  ✔ done
 Downloading crates ...
  Downloaded tokio v1.43.1
   Compiling tokio v1.43.1
   Compiling vixen-lens v1.0.3 (F:\Projects\Code Stuff\VixenLens\src-tauri)
   Compiling hyper v1.5.2
   Compiling tower v0.5.2
   Compiling tokio-util v0.7.13
   Compiling hyper-util v0.1.10
   Compiling reqwest v0.12.11
   Compiling tauri v2.1.1
   Compiling tauri-plugin-fs v2.2.0
   Compiling tauri-plugin-opener v2.2.2
   Compiling tauri-plugin-dialog v2.2.0
warning: unused import: `tauri::Manager`
 --> src\lib.rs:6:5
  |
6 | use tauri::Manager;
  |     ^^^^^^^^^^^^^^
  |
  = note: `#[warn(unused_imports)]` (part of `#[warn(unused)]`) on by default

warning: unused variable: `uuid`
   --> src\db.rs:157:7
    |
157 |         let uuid = "imageCache";
    |             ^^^^ help: if this is intentional, prefix it with an underscore: `_uuid`
    |
    = note: `#[warn(unused_variables)]` (part of `#[warn(unused)]`) on by default

warning: fields `insert_folder` and `insert_ignore_folder` are never read
 --> src\db\query.rs:4:9
  |
1 | pub struct Queries {
  |            ------- fields in this struct
...
4 |     pub insert_folder: &'static str,
  |         ^^^^^^^^^^^^^
5 |     pub insert_ignore_folder: &'static str,
  |         ^^^^^^^^^^^^^^^^^^^^
  |
  = note: `#[warn(dead_code)]` (part of `#[warn(unused)]`) on by default

warning: struct `ImageData` is never constructed
 --> src\model\image.rs:5:12
  |
5 | pub struct ImageData {
  |            ^^^^^^^^^

warning: `vixen-lens` (lib) generated 4 warnings (run `cargo fix --lib -p vixen-lens` to apply 2 suggestions)
    Finished `release` profile [optimized] target(s) in 1m 08s
       Built application at: F:\Projects\Code Stuff\VixenLens\src-tauri\target\release\vixen-lens.exe
        Info Target: x64
     Running candle for "main.wxs"
     Running light to produce F:\Projects\Code Stuff\VixenLens\src-tauri\target\release\bundle\msi\VixenLens_1.0.3_x64_en-US.msi
        Warn NSIS directory is missing some files. Recreating it.
        Info Verifying NSIS package
 Downloading https://github.com/tauri-apps/binary-releases/releases/download/nsis-3/nsis-3.zip
        Info validating hash
        Info extracting NSIS
 Downloading https://github.com/tauri-apps/nsis-tauri-utils/releases/download/nsis_tauri_utils-v0.4.2/nsis_tauri_utils.dll
        Info validating hash
        Info Target: x64
     Running makensis to produce F:\Projects\Code Stuff\VixenLens\src-tauri\target\release\bundle\nsis\VixenLens_1.0.3_x64-setup.exe
    Finished 2 bundles at:
        F:\Projects\Code Stuff\VixenLens\src-tauri\target\release\bundle\msi\VixenLens_1.0.3_x64_en-US.msi
        F:\Projects\Code Stuff\VixenLens\src-tauri\target\release\bundle\nsis\VixenLens_1.0.3_x64-setup.exe

[4/4] Locating Executable... 
 
BUILD SUCCESSFUL 
Binary: src-tauri\target\release\vixen-lens.exe 
